Using pre-set license
Built from '2022.3/staging' branch; Version is '2022.3.10f1 (ff3792e53c62) revision 16725906'; Using compiler version '192829333'; Build Type 'Release'
OS: 'Windows 10  (10.0.19045) 64bit Professional' Language: 'pt' Physical Memory: 16187 MB
BatchMode: 1, IsHumanControllingUs: 0, StartBugReporterOnCrash: 0, Is64bit: 1, IsPro: 1

COMMAND LINE ARGUMENTS:
C:\Program Files\Unity\Hub\Editor\2022.3.10f1\Editor\Unity.exe
-adb2
-batchMode
-noUpm
-name
AssetImportWorker0
-projectPath
C:/Users/24025988/My project
-logFile
Logs/AssetImportWorker0.log
-srvPort
51461
Successfully changed project path to: C:/Users/24025988/My project
C:/Users/24025988/My project
[UnityMemory] Configuration Parameters - Can be set up in boot.config
    "memorysetup-bucket-allocator-granularity=16"
    "memorysetup-bucket-allocator-bucket-count=8"
    "memorysetup-bucket-allocator-block-size=33554432"
    "memorysetup-bucket-allocator-block-count=8"
    "memorysetup-main-allocator-block-size=16777216"
    "memorysetup-thread-allocator-block-size=16777216"
    "memorysetup-gfx-main-allocator-block-size=16777216"
    "memorysetup-gfx-thread-allocator-block-size=16777216"
    "memorysetup-cache-allocator-block-size=4194304"
    "memorysetup-typetree-allocator-block-size=2097152"
    "memorysetup-profiler-bucket-allocator-granularity=16"
    "memorysetup-profiler-bucket-allocator-bucket-count=8"
    "memorysetup-profiler-bucket-allocator-block-size=33554432"
    "memorysetup-profiler-bucket-allocator-block-count=8"
    "memorysetup-profiler-allocator-block-size=16777216"
    "memorysetup-profiler-editor-allocator-block-size=1048576"
    "memorysetup-temp-allocator-size-main=16777216"
    "memorysetup-job-temp-allocator-block-size=2097152"
    "memorysetup-job-temp-allocator-block-size-background=1048576"
    "memorysetup-job-temp-allocator-reduction-small-platforms=262144"
    "memorysetup-allocator-temp-initial-block-size-main=262144"
    "memorysetup-allocator-temp-initial-block-size-worker=262144"
    "memorysetup-temp-allocator-size-background-worker=32768"
    "memorysetup-temp-allocator-size-job-worker=262144"
    "memorysetup-temp-allocator-size-preload-manager=33554432"
    "memorysetup-temp-allocator-size-nav-mesh-worker=65536"
    "memorysetup-temp-allocator-size-audio-worker=65536"
    "memorysetup-temp-allocator-size-cloud-worker=32768"
    "memorysetup-temp-allocator-size-gi-baking-worker=262144"
    "memorysetup-temp-allocator-size-gfx=262144"
Player connection [12636] Host "[IP] 132.1.100.96 [Port] 0 [Flags] 2 [Guid] 1995894585 [EditorId] 1995894585 [Version] 1048832 [Id] WindowsEditor(7,321-12) [Debug] 1 [PackageName] WindowsEditor [ProjectName] Editor" joined multi-casting on [225.0.0.222:54997]...

Player connection [12636] Host "[IP] 132.1.100.96 [Port] 0 [Flags] 2 [Guid] 1995894585 [EditorId] 1995894585 [Version] 1048832 [Id] WindowsEditor(7,321-12) [Debug] 1 [PackageName] WindowsEditor [ProjectName] Editor" joined alternative multi-casting on [225.0.0.222:34997]...

[Physics::Module] Initialized MultithreadedJobDispatcher with 11 workers.
Refreshing native plugins compatible for Editor in 34.00 ms, found 3 plugins.
Preloading 0 native plugins for Editor in 0.00 ms.
Initialize engine version: 2022.3.10f1 (ff3792e53c62)
[Subsystems] Discovering subsystems at path C:/Program Files/Unity/Hub/Editor/2022.3.10f1/Editor/Data/Resources/UnitySubsystems
[Subsystems] Discovering subsystems at path C:/Users/24025988/My project/Assets
GfxDevice: creating device client; threaded=0; jobified=0
Direct3D:
    Version:  Direct3D 11.0 [level 11.1]
    Renderer: NVIDIA GeForce GTX 1050 Ti (ID=0x1c82)
    Vendor:   NVIDIA
    VRAM:     4017 MB
    Driver:   31.0.15.2849
Initialize mono
Mono path[0] = 'C:/Program Files/Unity/Hub/Editor/2022.3.10f1/Editor/Data/Managed'
Mono path[1] = 'C:/Program Files/Unity/Hub/Editor/2022.3.10f1/Editor/Data/MonoBleedingEdge/lib/mono/unityjit-win32'
Mono config path = 'C:/Program Files/Unity/Hub/Editor/2022.3.10f1/Editor/Data/MonoBleedingEdge/etc'
Using monoOptions --debugger-agent=transport=dt_socket,embedding=1,server=y,suspend=n,address=127.0.0.1:56552
Begin MonoManager ReloadAssembly
Registering precompiled unity dll's ...
Register platform support module: C:/Program Files/Unity/Hub/Editor/2022.3.10f1/Editor/Data/PlaybackEngines/AndroidPlayer/UnityEditor.Android.Extensions.dll
Register platform support module: C:/Program Files/Unity/Hub/Editor/2022.3.10f1/Editor/Data/PlaybackEngines/WindowsStandaloneSupport/UnityEditor.WindowsStandalone.Extensions.dll
Registered in 0.022776 seconds.
- Loaded All Assemblies, in  0.460 seconds
Native extension for WindowsStandalone target not found
Native extension for Android target not found
Android Extension - Scanning For ADB Devices 314 ms
Mono: successfully reloaded assembly
- Finished resetting the current domain, in  0.649 seconds
Domain Reload Profiling: 1100ms
	BeginReloadAssembly (149ms)
		ExecutionOrderSort (0ms)
		DisableScriptedObjects (0ms)
		BackupInstance (0ms)
		ReleaseScriptingObjects (0ms)
		CreateAndSetChildDomain (1ms)
	RebuildCommonClasses (37ms)
	RebuildNativeTypeToScriptingClass (15ms)
	initialDomainReloadingComplete (94ms)
	LoadAllAssembliesAndSetupDomain (156ms)
		LoadAssemblies (140ms)
		RebuildTransferFunctionScriptingTraits (0ms)
		AnalyzeDomain (153ms)
			TypeCache.Refresh (151ms)
				TypeCache.ScanAssembly (134ms)
			ScanForSourceGeneratedMonoScriptInfo (1ms)
			ResolveRequiredComponents (1ms)
	FinalizeReload (650ms)
		ReleaseScriptCaches (0ms)
		RebuildScriptCaches (0ms)
		SetupLoadedEditorAssemblies (590ms)
			LogAssemblyErrors (0ms)
			InitializePlatformSupportModulesInManaged (443ms)
			SetLoadedEditorAssemblies (4ms)
			RefreshPlugins (0ms)
			BeforeProcessingInitializeOnLoad (2ms)
			ProcessInitializeOnLoadAttributes (95ms)
			ProcessInitializeOnLoadMethodAttributes (46ms)
			AfterProcessingInitializeOnLoad (0ms)
			EditorAssembliesLoaded (0ms)
		ExecutionOrderSort2 (0ms)
		AwakeInstancesAfterBackupRestoration (0ms)
========================================================================
Worker process is ready to serve import requests
Begin MonoManager ReloadAssembly
Symbol file LoadedFromMemory is not a mono symbol file
- Loaded All Assemblies, in  0.972 seconds
Refreshing native plugins compatible for Editor in 23.73 ms, found 3 plugins.
Native extension for WindowsStandalone target not found
Native extension for Android target not found
Package Manager log level set to [2]
[Package Manager] Server::EnsureServerProcessIsRunning -- launch failed, reason: Unity was launched with the -noUpm command-line argument
[Package Manager] UpmClient::Send -- Unable to send message (not connected to UPM process).
[Package Manager] Cannot connect to Unity Package Manager local server
Mono: successfully reloaded assembly
- Finished resetting the current domain, in  0.846 seconds
Domain Reload Profiling: 1799ms
	BeginReloadAssembly (179ms)
		ExecutionOrderSort (0ms)
		DisableScriptedObjects (6ms)
		BackupInstance (0ms)
		ReleaseScriptingObjects (0ms)
		CreateAndSetChildDomain (22ms)
	RebuildCommonClasses (40ms)
	RebuildNativeTypeToScriptingClass (11ms)
	initialDomainReloadingComplete (71ms)
	LoadAllAssembliesAndSetupDomain (651ms)
		LoadAssemblies (519ms)
		RebuildTransferFunctionScriptingTraits (0ms)
		AnalyzeDomain (244ms)
			TypeCache.Refresh (214ms)
				TypeCache.ScanAssembly (185ms)
			ScanForSourceGeneratedMonoScriptInfo (24ms)
			ResolveRequiredComponents (4ms)
	FinalizeReload (847ms)
		ReleaseScriptCaches (0ms)
		RebuildScriptCaches (0ms)
		SetupLoadedEditorAssemblies (681ms)
			LogAssemblyErrors (0ms)
			InitializePlatformSupportModulesInManaged (35ms)
			SetLoadedEditorAssemblies (6ms)
			RefreshPlugins (0ms)
			BeforeProcessingInitializeOnLoad (110ms)
			ProcessInitializeOnLoadAttributes (330ms)
			ProcessInitializeOnLoadMethodAttributes (176ms)
			AfterProcessingInitializeOnLoad (24ms)
			EditorAssembliesLoaded (0ms)
		ExecutionOrderSort2 (0ms)
		AwakeInstancesAfterBackupRestoration (6ms)
Launched and connected shader compiler UnityShaderCompiler.exe after 0.05 seconds
Refreshing native plugins compatible for Editor in 31.95 ms, found 3 plugins.
Preloading 0 native plugins for Editor in 0.00 ms.
Unloading 4217 Unused Serialized files (Serialized files now loaded: 0)
Unloading 70 unused Assets / (72.7 KB). Loaded Objects now: 4658.
Memory consumption went from 145.3 MB to 145.3 MB.
Total: 7.656500 ms (FindLiveObjects: 0.330200 ms CreateObjectMapping: 0.303900 ms MarkObjects: 6.883800 ms  DeleteObjects: 0.137600 ms)

AssetImportParameters requested are different than current active one (requested -> active):
  custom:container-demuxer-ogg: 62fdf1f143b41e24485cea50d1cbac27 -> 
  custom:video-decoder-ogg-theora: a1e56fd34408186e4bbccfd4996cb3dc -> 
  custom:framework-win-MediaFoundation: 216162199b28c13a410421893ffa2e32 -> 
  custom:CustomObjectIndexerAttribute: 756ad292c208cfabdd7b50bc23989ffe -> 
  custom:container-demuxer-webm: 4f35f7cbe854078d1ac9338744f61a02 -> 
  custom:container-muxer-webm: aa71ff27fc2769a1b78a27578f13a17b -> 
  custom:video-decoder-webm-vp8: 9c59270c3fd7afecdb556c50c9e8de78 -> 
  custom:SearchIndexIgnoredProperties: e643bd26f0fe6173181afceb89e7c659 -> 
  custom:AudioImporter_EditorPlatform: d09bf68614088b80899f8185d706f6e7 -> 
  custom:video-encoder-webm-vp8: eb34c28f22e8b96e1ab97ce403110664 -> 
  custom:audio-decoder-ogg-vorbis: bf7c407c2cedff20999df2af8eb42d56 -> 
  custom:audio-encoder-webm-vorbis: bf7c407c2cedff20999df2af8eb42d56 -> 
========================================================================
Received Import Request.
  Time since last request: 3667.400000 seconds.
  path: Assets/Resources
  artifactKey: Guid(d17f4d178364e4a4fafb5bd00b377df9) Importer(815301076,1909f56bfc062723c751e8b465ee728b)
Start importing Assets/Resources using Guid(d17f4d178364e4a4fafb5bd00b377df9) Importer(815301076,1909f56bfc062723c751e8b465ee728b)  -> (artifact id: 'cce2d53e5b2d9f41f014ae5d781851e1') in 0.002285 seconds
Number of updated asset objects reloaded before import = 0
Number of asset objects unloaded after import = 0
========================================================================
Received Import Request.
  Time since last request: 162.193617 seconds.
  path: Packages/com.unity.2d.tilemap/package.json
  artifactKey: Guid(51797d68d3132bb419217a229e09fc47) Importer(815301076,1909f56bfc062723c751e8b465ee728b)
Start importing Packages/com.unity.2d.tilemap/package.json using Guid(51797d68d3132bb419217a229e09fc47) Importer(815301076,1909f56bfc062723c751e8b465ee728b)  -> (artifact id: '99ff338c4bf866204a405a700557a0c6') in 0.010429 seconds
Number of updated asset objects reloaded before import = 0
Number of asset objects unloaded after import = 1
========================================================================
Received Import Request.
  Time since last request: 1.923697 seconds.
  path: Packages/com.unity.2d.sprite/package.json
  artifactKey: Guid(7dc5f1e5d04ac8549ac21802071e983b) Importer(815301076,1909f56bfc062723c751e8b465ee728b)
Start importing Packages/com.unity.2d.sprite/package.json using Guid(7dc5f1e5d04ac8549ac21802071e983b) Importer(815301076,1909f56bfc062723c751e8b465ee728b)  -> (artifact id: 'a5b6b471d19d39fec69c0fc8c85ea245') in 0.001206 seconds
Number of updated asset objects reloaded before import = 0
Number of asset objects unloaded after import = 1
========================================================================
Received Import Request.
  Time since last request: 14.369515 seconds.
  path: Assets/Resources/BillingMode.json
  artifactKey: Guid(a2a875237314a0f469bd5a489bd6c91e) Importer(815301076,1909f56bfc062723c751e8b465ee728b)
Start importing Assets/Resources/BillingMode.json using Guid(a2a875237314a0f469bd5a489bd6c91e) Importer(815301076,1909f56bfc062723c751e8b465ee728b)  -> (artifact id: '21a075ac3b651bedd1f8f2a31a615cf1') in 0.001176 seconds
Number of updated asset objects reloaded before import = 0
Number of asset objects unloaded after import = 1
========================================================================
Received Import Request.
  Time since last request: 5.788110 seconds.
  path: Assets/Scenes/SampleScene.unity
  artifactKey: Guid(9fc0d4010bbf28b4594072e72b8655ab) Importer(815301076,1909f56bfc062723c751e8b465ee728b)
Start importing Assets/Scenes/SampleScene.unity using Guid(9fc0d4010bbf28b4594072e72b8655ab) Importer(815301076,1909f56bfc062723c751e8b465ee728b)  -> (artifact id: 'a85bec50c8be757587fedfaade313866') in 0.000685 seconds
Number of updated asset objects reloaded before import = 0
Number of asset objects unloaded after import = 0
========================================================================
Received Import Request.
  Time since last request: 12.431814 seconds.
  path: Packages/com.unity.2d.sprite/CHANGELOG.md
  artifactKey: Guid(b7007d815829e7644bb81d1f8004a340) Importer(815301076,1909f56bfc062723c751e8b465ee728b)
Start importing Packages/com.unity.2d.sprite/CHANGELOG.md using Guid(b7007d815829e7644bb81d1f8004a340) Importer(815301076,1909f56bfc062723c751e8b465ee728b)  -> (artifact id: '7fa2259c399529326ea1bb6f1ac30e4c') in 0.001213 seconds
Number of updated asset objects reloaded before import = 0
Number of asset objects unloaded after import = 1
========================================================================
Received Import Request.
  Time since last request: 1.189689 seconds.
  path: Packages/com.unity.2d.sprite/Tests
  artifactKey: Guid(7e2656e167a517b4d8552ba38f4b7bbe) Importer(815301076,1909f56bfc062723c751e8b465ee728b)
Start importing Packages/com.unity.2d.sprite/Tests using Guid(7e2656e167a517b4d8552ba38f4b7bbe) Importer(815301076,1909f56bfc062723c751e8b465ee728b)  -> (artifact id: 'e0674094c6405d5e1a2b6a29298de5aa') in 0.000530 seconds
Number of updated asset objects reloaded before import = 0
Number of asset objects unloaded after import = 0
========================================================================
Received Import Request.
  Time since last request: 3.478946 seconds.
  path: Packages/com.unity.2d.sprite/Tests/Editor
  artifactKey: Guid(dcc63292bf8cfd543b11bfdebe99cd02) Importer(815301076,1909f56bfc062723c751e8b465ee728b)
Start importing Packages/com.unity.2d.sprite/Tests/Editor using Guid(dcc63292bf8cfd543b11bfdebe99cd02) Importer(815301076,1909f56bfc062723c751e8b465ee728b)  -> (artifact id: '981d8a380c8f724fcb5e42f6d7eb0730') in 0.000524 seconds
Number of updated asset objects reloaded before import = 0
Number of asset objects unloaded after import = 0
========================================================================
Received Import Request.
  Time since last request: 0.790841 seconds.
  path: Packages/com.unity.2d.sprite/Tests/Editor/Unity.2D.Sprite.Package.EditorTests.asmdef
  artifactKey: Guid(52648b72c7bef2040bf0cfa8dd0f74da) Importer(815301076,1909f56bfc062723c751e8b465ee728b)
Start importing Packages/com.unity.2d.sprite/Tests/Editor/Unity.2D.Sprite.Package.EditorTests.asmdef using Guid(52648b72c7bef2040bf0cfa8dd0f74da) Importer(815301076,1909f56bfc062723c751e8b465ee728b)  -> (artifact id: '9a07ebfe0d8086a5d1a5f97c8333dbc1') in 0.001388 seconds
Number of updated asset objects reloaded before import = 0
Number of asset objects unloaded after import = 0
========================================================================
Received Import Request.
  Time since last request: 1.532451 seconds.
  path: Packages/com.unity.2d.sprite/Tests/Editor/SpritePackageTests.cs
  artifactKey: Guid(ea6dbc5d03b50f148a26b55c617dcb22) Importer(815301076,1909f56bfc062723c751e8b465ee728b)
Start importing Packages/com.unity.2d.sprite/Tests/Editor/SpritePackageTests.cs using Guid(ea6dbc5d03b50f148a26b55c617dcb22) Importer(815301076,1909f56bfc062723c751e8b465ee728b)  -> (artifact id: 'abde82c20b3c64599463b75b16223906') in 0.000644 seconds
Number of updated asset objects reloaded before import = 0
Number of asset objects unloaded after import = 0
========================================================================
Received Import Request.
  Time since last request: 9.009620 seconds.
  path: Packages/com.unity.ugui/package.json
  artifactKey: Guid(319b8889f363f5947acf209c17a94149) Importer(815301076,1909f56bfc062723c751e8b465ee728b)
Start importing Packages/com.unity.ugui/package.json using Guid(319b8889f363f5947acf209c17a94149) Importer(815301076,1909f56bfc062723c751e8b465ee728b)  -> (artifact id: '9d51f700e97af91693ecd180754e8e1e') in 0.001135 seconds
Number of updated asset objects reloaded before import = 0
Number of asset objects unloaded after import = 1
========================================================================
Received Import Request.
  Time since last request: 2140.197105 seconds.
  path: Packages/com.unity.analytics/DataPrivacy/DataPrivacyButton.prefab
  artifactKey: Guid(71b11355001648444b41d17fd36c150d) Importer(815301076,1909f56bfc062723c751e8b465ee728b)
Start importing Packages/com.unity.analytics/DataPrivacy/DataPrivacyButton.prefab using Guid(71b11355001648444b41d17fd36c150d) Importer(815301076,1909f56bfc062723c751e8b465ee728b)  -> (artifact id: '61f4946c5acbe0c26c6a1d4fc0d0a3c5') in 0.034987 seconds
Number of updated asset objects reloaded before import = 0
Number of asset objects unloaded after import = 16
========================================================================
Received Import Request.
  Time since last request: 6.804987 seconds.
  path: Packages/com.unity.2d.sprite/Editor/Unity.2D.Sprite.Editor.asmdef
  artifactKey: Guid(2c573e6b271651846a79655161004c5b) Importer(815301076,1909f56bfc062723c751e8b465ee728b)
Start importing Packages/com.unity.2d.sprite/Editor/Unity.2D.Sprite.Editor.asmdef using Guid(2c573e6b271651846a79655161004c5b) Importer(815301076,1909f56bfc062723c751e8b465ee728b)  -> (artifact id: '6f9dd0502afdd95c72fce7ea978d4433') in 0.000747 seconds
Number of updated asset objects reloaded before import = 0
Number of asset objects unloaded after import = 0
========================================================================
Received Import Request.
  Time since last request: 2.695286 seconds.
  path: Packages/com.unity.2d.sprite/Editor/AssemblyInfo.cs
  artifactKey: Guid(03dd6911110407b418a3e5d3f0c473af) Importer(815301076,1909f56bfc062723c751e8b465ee728b)
Start importing Packages/com.unity.2d.sprite/Editor/AssemblyInfo.cs using Guid(03dd6911110407b418a3e5d3f0c473af) Importer(815301076,1909f56bfc062723c751e8b465ee728b)  -> (artifact id: 'fed48c307693a174c027d936c80083c8') in 0.000719 seconds
Number of updated asset objects reloaded before import = 0
Number of asset objects unloaded after import = 0
========================================================================
Received Prepare
Begin MonoManager ReloadAssembly
Symbol file LoadedFromMemory is not a mono symbol file
- Loaded All Assemblies, in  0.787 seconds
Refreshing native plugins compatible for Editor in 28.48 ms, found 3 plugins.
Native extension for WindowsStandalone target not found
Native extension for Android target not found
[Package Manager] Server::EnsureServerProcessIsRunning -- launch failed, reason: Unity was launched with the -noUpm command-line argument
[Package Manager] UpmClient::Send -- Unable to send message (not connected to UPM process).
[Package Manager] Cannot connect to Unity Package Manager local server
Mono: successfully reloaded assembly
- Finished resetting the current domain, in  1.567 seconds
Domain Reload Profiling: 2334ms
	BeginReloadAssembly (226ms)
		ExecutionOrderSort (0ms)
		DisableScriptedObjects (8ms)
		BackupInstance (0ms)
		ReleaseScriptingObjects (0ms)
		CreateAndSetChildDomain (40ms)
	RebuildCommonClasses (40ms)
	RebuildNativeTypeToScriptingClass (18ms)
	initialDomainReloadingComplete (63ms)
	LoadAllAssembliesAndSetupDomain (420ms)
		LoadAssemblies (504ms)
		RebuildTransferFunctionScriptingTraits (0ms)
		AnalyzeDomain (25ms)
			TypeCache.Refresh (10ms)
				TypeCache.ScanAssembly (0ms)
			ScanForSourceGeneratedMonoScriptInfo (7ms)
			ResolveRequiredComponents (6ms)
	FinalizeReload (1567ms)
		ReleaseScriptCaches (0ms)
		RebuildScriptCaches (0ms)
		SetupLoadedEditorAssemblies (568ms)
			LogAssemblyErrors (0ms)
			InitializePlatformSupportModulesInManaged (30ms)
			SetLoadedEditorAssemblies (4ms)
			RefreshPlugins (0ms)
			BeforeProcessingInitializeOnLoad (99ms)
			ProcessInitializeOnLoadAttributes (262ms)
			ProcessInitializeOnLoadMethodAttributes (149ms)
			AfterProcessingInitializeOnLoad (24ms)
			EditorAssembliesLoaded (0ms)
		ExecutionOrderSort2 (0ms)
		AwakeInstancesAfterBackupRestoration (7ms)
Refreshing native plugins compatible for Editor in 27.12 ms, found 3 plugins.
Preloading 0 native plugins for Editor in 0.00 ms.
Unloading 4209 Unused Serialized files (Serialized files now loaded: 0)
Unloading 57 unused Assets / (47.5 KB). Loaded Objects now: 4665.
Memory consumption went from 143.1 MB to 143.1 MB.
Total: 6.395300 ms (FindLiveObjects: 0.297000 ms CreateObjectMapping: 0.273100 ms MarkObjects: 5.752900 ms  DeleteObjects: 0.071500 ms)

Prepare: number of updated asset objects reloaded= 0
AssetImportParameters requested are different than current active one (requested -> active):
  custom:container-demuxer-ogg: 62fdf1f143b41e24485cea50d1cbac27 -> 
  custom:video-decoder-ogg-theora: a1e56fd34408186e4bbccfd4996cb3dc -> 
  custom:framework-win-MediaFoundation: 216162199b28c13a410421893ffa2e32 -> 
  custom:CustomObjectIndexerAttribute: 756ad292c208cfabdd7b50bc23989ffe -> 
  custom:container-demuxer-webm: 4f35f7cbe854078d1ac9338744f61a02 -> 
  custom:container-muxer-webm: aa71ff27fc2769a1b78a27578f13a17b -> 
  custom:video-decoder-webm-vp8: 9c59270c3fd7afecdb556c50c9e8de78 -> 
  custom:SearchIndexIgnoredProperties: e643bd26f0fe6173181afceb89e7c659 -> 
  custom:AudioImporter_EditorPlatform: d09bf68614088b80899f8185d706f6e7 -> 
  custom:video-encoder-webm-vp8: eb34c28f22e8b96e1ab97ce403110664 -> 
  custom:audio-decoder-ogg-vorbis: bf7c407c2cedff20999df2af8eb42d56 -> 
  custom:audio-encoder-webm-vorbis: bf7c407c2cedff20999df2af8eb42d56 -> 
========================================================================
Received Import Request.
  Time since last request: 513.445040 seconds.
  path: Assets/PBR_Floweringot
  artifactKey: Guid(5771f4693d102934f88f93b88594e5c1) Importer(815301076,1909f56bfc062723c751e8b465ee728b)
Start importing Assets/PBR_Floweringot using Guid(5771f4693d102934f88f93b88594e5c1) Importer(815301076,1909f56bfc062723c751e8b465ee728b)  -> (artifact id: '5888e504c9a7fa402c237ca1045b4883') in 0.001875 seconds
Number of updated asset objects reloaded before import = 0
Number of asset objects unloaded after import = 0
========================================================================
Received Import Request.
  Time since last request: 3.375379 seconds.
  path: Assets/PBR_Floweringot/3dobjects
  artifactKey: Guid(8b4aa32de6cdef74e8581fd3b3305992) Importer(815301076,1909f56bfc062723c751e8b465ee728b)
Start importing Assets/PBR_Floweringot/3dobjects using Guid(8b4aa32de6cdef74e8581fd3b3305992) Importer(815301076,1909f56bfc062723c751e8b465ee728b)  -> (artifact id: '3e628134714152a2a48479d3c0ffa6f3') in 0.000493 seconds
Number of updated asset objects reloaded before import = 0
Number of asset objects unloaded after import = 0
========================================================================
Received Import Request.
  Time since last request: 0.095338 seconds.
  path: Assets/PBR_Floweringot/3dobjects/blumenkuebel.fbx
  artifactKey: Guid(2f66e97a51d037549a47f250801979de) Importer(815301076,1909f56bfc062723c751e8b465ee728b)
Start importing Assets/PBR_Floweringot/3dobjects/blumenkuebel.fbx using Guid(2f66e97a51d037549a47f250801979de) Importer(815301076,1909f56bfc062723c751e8b465ee728b)  -> (artifact id: 'f3b01ec433c987fe5ae8096abf2cc3e9') in 0.577174 seconds
Number of updated asset objects reloaded before import = 0
Number of asset objects unloaded after import = 15
========================================================================
Received Import Request.
  Time since last request: 70.172092 seconds.
  path: Assets/PBR_Floweringot/3dobjects/Materials
  artifactKey: Guid(2ce038344d933884ca0e4ddb135d97c7) Importer(815301076,1909f56bfc062723c751e8b465ee728b)
Start importing Assets/PBR_Floweringot/3dobjects/Materials using Guid(2ce038344d933884ca0e4ddb135d97c7) Importer(815301076,1909f56bfc062723c751e8b465ee728b)  -> (artifact id: '476095f0acde526f770610c3a71ff903') in 0.000637 seconds
Number of updated asset objects reloaded before import = 0
Number of asset objects unloaded after import = 0
========================================================================
Received Import Request.
  Time since last request: 229.153350 seconds.
  path: Assets/PBR_Floweringot/3dobjects/Materials/blumenkuebel.mat
  artifactKey: Guid(508a9f4117e7bbd48a4041f6f6d65794) Importer(815301076,1909f56bfc062723c751e8b465ee728b)
Start importing Assets/PBR_Floweringot/3dobjects/Materials/blumenkuebel.mat using Guid(508a9f4117e7bbd48a4041f6f6d65794) Importer(815301076,1909f56bfc062723c751e8b465ee728b)  -> (artifact id: '62feeda86d8cd5a3ef262a11bff9f591') in 0.047610 seconds
Number of updated asset objects reloaded before import = 0
Number of asset objects unloaded after import = 4
========================================================================
Received Import Request.
  Time since last request: 3414.089260 seconds.
  path: Assets/PBR_Floweringot/3dobjects/blumenkuebel.fbx
  artifactKey: Guid(2f66e97a51d037549a47f250801979de) Importer(815301076,1909f56bfc062723c751e8b465ee728b)
Start importing Assets/PBR_Floweringot/3dobjects/blumenkuebel.fbx using Guid(2f66e97a51d037549a47f250801979de) Importer(815301076,1909f56bfc062723c751e8b465ee728b)  -> (artifact id: 'd96c6b418744d2f7a504f477851d32fa') in 0.066545 seconds
Number of updated asset objects reloaded before import = 0
Number of asset objects unloaded after import = 15
========================================================================
Received Import Request.
  Time since last request: 18.043834 seconds.
  path: Assets/Nollie Inward Game Assets/Realistic_shovel/Art/Materials/Plane.mat
  artifactKey: Guid(5f7f1104e7abf384e92772866c5151a9) Importer(815301076,1909f56bfc062723c751e8b465ee728b)
Start importing Assets/Nollie Inward Game Assets/Realistic_shovel/Art/Materials/Plane.mat using Guid(5f7f1104e7abf384e92772866c5151a9) Importer(815301076,1909f56bfc062723c751e8b465ee728b)  -> (artifact id: 'be5155d6c65f96383daf4af57ece0b52') in 0.029632 seconds
Number of updated asset objects reloaded before import = 0
Number of asset objects unloaded after import = 1
========================================================================
Received Import Request.
  Time since last request: 16.018612 seconds.
  path: Assets/Nollie Inward Game Assets/Realistic_shovel/Art/Meshes/Clean_shovel_collision.fbx
  artifactKey: Guid(079f08b75e4edfb4e9c40ab9f08f07bd) Importer(815301076,1909f56bfc062723c751e8b465ee728b)
Start importing Assets/Nollie Inward Game Assets/Realistic_shovel/Art/Meshes/Clean_shovel_collision.fbx using Guid(079f08b75e4edfb4e9c40ab9f08f07bd) Importer(815301076,1909f56bfc062723c751e8b465ee728b)  -> (artifact id: 'f08e2ab951b5fd3de88365b9816d9582') in 0.034520 seconds
Number of updated asset objects reloaded before import = 0
Number of asset objects unloaded after import = 13
========================================================================
Received Import Request.
  Time since last request: 0.000017 seconds.
  path: Assets/Nollie Inward Game Assets/Realistic_shovel/Art/Meshes/Clean_shovel_LOD1.fbx
  artifactKey: Guid(b648a5becce55114193c9c2f2143161c) Importer(815301076,1909f56bfc062723c751e8b465ee728b)
Start importing Assets/Nollie Inward Game Assets/Realistic_shovel/Art/Meshes/Clean_shovel_LOD1.fbx using Guid(b648a5becce55114193c9c2f2143161c) Importer(815301076,1909f56bfc062723c751e8b465ee728b)  -> (artifact id: '0b7fb71eaddf9da94758ceb2e8fdd0d6') in 0.033127 seconds
Number of updated asset objects reloaded before import = 0
Number of asset objects unloaded after import = 13
========================================================================
Received Import Request.
  Time since last request: 0.000021 seconds.
  path: Assets/Nollie Inward Game Assets/Realistic_shovel/Art/Meshes/Clean_shovel_LOD2.fbx
  artifactKey: Guid(48d2ca64b763d5f42a9fbf88c6b23acc) Importer(815301076,1909f56bfc062723c751e8b465ee728b)
Start importing Assets/Nollie Inward Game Assets/Realistic_shovel/Art/Meshes/Clean_shovel_LOD2.fbx using Guid(48d2ca64b763d5f42a9fbf88c6b23acc) Importer(815301076,1909f56bfc062723c751e8b465ee728b)  -> (artifact id: 'e87474d36c898065acdb5ec510f9c66c') in 0.030457 seconds
Number of updated asset objects reloaded before import = 0
Number of asset objects unloaded after import = 13
========================================================================
Received Import Request.
  Time since last request: 0.667089 seconds.
  path: Assets/Nollie Inward Game Assets/Realistic_shovel/Art/Textures/Clean_shovel_AlbedoTransparency.png
  artifactKey: Guid(801355850f5afce4ba7d008670aa5635) Importer(815301076,1909f56bfc062723c751e8b465ee728b)
Start importing Assets/Nollie Inward Game Assets/Realistic_shovel/Art/Textures/Clean_shovel_AlbedoTransparency.png using Guid(801355850f5afce4ba7d008670aa5635) Importer(815301076,1909f56bfc062723c751e8b465ee728b)  -> (artifact id: 'd7c7ddf0528dd8fb9acc132a98a82458') in 0.052122 seconds
Number of updated asset objects reloaded before import = 0
Number of asset objects unloaded after import = 2
========================================================================
Received Import Request.
  Time since last request: 0.000015 seconds.
  path: Assets/Nollie Inward Game Assets/Realistic_shovel/Art/Textures/Clean_shovel_Normal.png
  artifactKey: Guid(76283cca0a1c86e4d934a51b29fc4816) Importer(815301076,1909f56bfc062723c751e8b465ee728b)
Start importing Assets/Nollie Inward Game Assets/Realistic_shovel/Art/Textures/Clean_shovel_Normal.png using Guid(76283cca0a1c86e4d934a51b29fc4816) Importer(815301076,1909f56bfc062723c751e8b465ee728b)  -> (artifact id: 'fc07cd9f420f281e9b0d594b229ea4c4') in 0.041690 seconds
Number of updated asset objects reloaded before import = 0
Number of asset objects unloaded after import = 2
========================================================================
Received Import Request.
  Time since last request: 272.836273 seconds.
  path: Assets/Gardening Supply Set/Resources/Furniture/Furniture_flowerpot_01a_LOD0.fbx
  artifactKey: Guid(0e43cf6900c76b64489cef6ca8564d99) Importer(815301076,1909f56bfc062723c751e8b465ee728b)
Start importing Assets/Gardening Supply Set/Resources/Furniture/Furniture_flowerpot_01a_LOD0.fbx using Guid(0e43cf6900c76b64489cef6ca8564d99) Importer(815301076,1909f56bfc062723c751e8b465ee728b)  -> (artifact id: '9c3e1f227cef685eaa30a73992e36381') in 0.269157 seconds
Number of updated asset objects reloaded before import = 0
Number of asset objects unloaded after import = 16
========================================================================
Received Import Request.
  Time since last request: 0.000021 seconds.
  path: Assets/Gardening Supply Set/Resources/Furniture/Furniture_wateringcan_01a_LOD1.fbx
  artifactKey: Guid(29f05b04d496d484d91a79e3cbbf7916) Importer(815301076,1909f56bfc062723c751e8b465ee728b)
Start importing Assets/Gardening Supply Set/Resources/Furniture/Furniture_wateringcan_01a_LOD1.fbx using Guid(29f05b04d496d484d91a79e3cbbf7916) Importer(815301076,1909f56bfc062723c751e8b465ee728b)  -> (artifact id: '5ca414f7e1461e6319d0d759333b8663') in 0.036613 seconds
Number of updated asset objects reloaded before import = 0
Number of asset objects unloaded after import = 15
========================================================================
Received Import Request.
  Time since last request: 0.000020 seconds.
  path: Assets/Gardening Supply Set/Resources/Furniture/Furniture_flowerpot_02a_LOD1.fbx
  artifactKey: Guid(95dde1a79a54294409f4fe363ecd2395) Importer(815301076,1909f56bfc062723c751e8b465ee728b)
Start importing Assets/Gardening Supply Set/Resources/Furniture/Furniture_flowerpot_02a_LOD1.fbx using Guid(95dde1a79a54294409f4fe363ecd2395) Importer(815301076,1909f56bfc062723c751e8b465ee728b)  -> (artifact id: '1f25f5220d63c796558f3bcea3f181d8') in 0.028217 seconds
Number of updated asset objects reloaded before import = 0
Number of asset objects unloaded after import = 16
========================================================================
Received Import Request.
  Time since last request: 0.000017 seconds.
  path: Assets/Gardening Supply Set/Resources/Furniture/Furniture_flowerstand_02a_LOD0.fbx
  artifactKey: Guid(b3847cafbd8103147b931c26881eb025) Importer(815301076,1909f56bfc062723c751e8b465ee728b)
Start importing Assets/Gardening Supply Set/Resources/Furniture/Furniture_flowerstand_02a_LOD0.fbx using Guid(b3847cafbd8103147b931c26881eb025) Importer(815301076,1909f56bfc062723c751e8b465ee728b)  -> (artifact id: 'b22439cb1e7e702dd14fed678864b61b') in 0.037773 seconds
Number of updated asset objects reloaded before import = 0
Number of asset objects unloaded after import = 21
========================================================================
Received Import Request.
  Time since last request: 0.000018 seconds.
  path: Assets/Gardening Supply Set/Resources/Furniture/Furniture_flowerstand_01a_LOD1.fbx
  artifactKey: Guid(32cad3cb658079e41b87bd048f2e046e) Importer(815301076,1909f56bfc062723c751e8b465ee728b)
Start importing Assets/Gardening Supply Set/Resources/Furniture/Furniture_flowerstand_01a_LOD1.fbx using Guid(32cad3cb658079e41b87bd048f2e046e) Importer(815301076,1909f56bfc062723c751e8b465ee728b)  -> (artifact id: 'ee52cb34e50c1aa2a8ad883077ccb4be') in 0.037583 seconds
Number of updated asset objects reloaded before import = 0
Number of asset objects unloaded after import = 21
========================================================================
Received Import Request.
  Time since last request: 0.000015 seconds.
  path: Assets/Gardening Supply Set/Resources/Furniture/Furniture_wateringcan_01b_LOD0.fbx
  artifactKey: Guid(2e10b011587c53d49809ede7d5ba8240) Importer(815301076,1909f56bfc062723c751e8b465ee728b)
Start importing Assets/Gardening Supply Set/Resources/Furniture/Furniture_wateringcan_01b_LOD0.fbx using Guid(2e10b011587c53d49809ede7d5ba8240) Importer(815301076,1909f56bfc062723c751e8b465ee728b)  -> (artifact id: 'afb4274c44c8f0850124e5106c05a094') in 0.027848 seconds
Number of updated asset objects reloaded before import = 0
Number of asset objects unloaded after import = 15
Editor requested this worker to shutdown with reason: Scaling down because of idle timeout
TcpMessagingSession - receive error: operation aborted. errorcode: 995, details: A operação de E/S foi anulada devido a uma saída de thread ou a uma requisição de aplicativo.
AssetImportWorker is now disconnected from the server
Process exiting
Exiting without the bug reporter. Application will terminate with return code 0